2025-08-15 11:45:50,257 - root - INFO - Host initialized with channels: command=DPM/commands, info=DPM/host_info
2025-08-15 11:45:50,257 - root - INFO - Host running.
2025-08-15 11:45:55,357 - root - INFO - Command handler: Received command: create_process for process: /home/mbustos/agv1/nodes/bin/navigator_node
2025-08-15 11:45:55,357 - root - INFO - Create Process: Created process: Navigator Node with command: /home/mbustos/agv1/nodes/bin/navigator_node auto_restart: False and realtime: False
2025-08-15 11:45:55,357 - root - INFO - Command handler: Received command: create_process for process: /home/mbustos/agv1/nodes/bin/planner_node
2025-08-15 11:45:55,358 - root - INFO - Create Process: Created process: Planner Node with command: /home/mbustos/agv1/nodes/bin/planner_node auto_restart: False and realtime: False
2025-08-15 11:45:55,358 - root - INFO - Command handler: Received command: create_process for process: /home/mbustos/agv1/nodes/bin/motion_controller_node
2025-08-15 11:45:55,358 - root - INFO - Create Process: Created process: Motion Controller Node with command: /home/mbustos/agv1/nodes/bin/motion_controller_node auto_restart: False and realtime: False
2025-08-15 11:45:55,358 - root - INFO - Command handler: Received command: create_process for process: /home/mbustos/agv1/nodes/bin/ukf_node
2025-08-15 11:45:55,358 - root - INFO - Create Process: Created process: UKF Node with command: /home/mbustos/agv1/nodes/bin/ukf_node auto_restart: False and realtime: False
2025-08-15 11:45:55,358 - root - INFO - Command handler: Received command: create_process for process: /home/mbustos/agv1/nodes/bin/obstacle_detection_node
2025-08-15 11:45:55,358 - root - INFO - Create Process: Created process: Obstacle Detection Node with command: /home/mbustos/agv1/nodes/bin/obstacle_detection_node auto_restart: False and realtime: False
2025-08-15 11:45:55,359 - root - INFO - Command handler: Received command: create_process for process: /home/mbustos/agv1/nodes/bin/vlp16_node
2025-08-15 11:45:55,359 - root - INFO - Create Process: Created process: VLP 16 Node with command: /home/mbustos/agv1/nodes/bin/vlp16_node auto_restart: False and realtime: False
2025-08-15 11:45:55,359 - root - INFO - Command handler: Received command: create_process for process: /home/mbustos/agv1/nodes/bin/gx5_ahrs_node
2025-08-15 11:45:55,359 - root - INFO - Create Process: Created process: VLP 16 Node with command: /home/mbustos/agv1/nodes/bin/gx5_ahrs_node auto_restart: False and realtime: False
2025-08-15 11:45:55,359 - root - INFO - Command handler: Received command: create_process for process: /home/mbustos/agv1/nodes/bin/simulator_node
2025-08-15 11:45:55,359 - root - INFO - Create Process: Created process: Simulator Node with command: /home/mbustos/agv1/nodes/bin/simulator_node auto_restart: False and realtime: False
2025-08-15 11:46:29,760 - root - INFO - Command handler: Received command: start_process for process: 
2025-08-15 11:46:29,760 - root - INFO - Start Process: Starting process: Navigator Node with command: /home/mbustos/agv1/nodes/bin/navigator_node
2025-08-15 11:46:29,763 - root - INFO - Start Process: Started process: Navigator Node with PID 87459
2025-08-15 11:47:47,320 - root - INFO - Command handler: Received command: start_process for process: 
2025-08-15 11:47:47,321 - root - INFO - Start Process: Process Navigator Node is already running with PID 87459. Skipping start.
2025-08-15 11:47:54,128 - root - INFO - Command handler: Received command: start_process for process: 
2025-08-15 11:47:54,129 - root - INFO - Start Process: Process Navigator Node is already running with PID 87459. Skipping start.
