2025-08-15 11:50:38,857 - root - INFO - Host initialized with channels: command=DPM/commands, info=DPM/host_info
2025-08-15 11:50:38,857 - root - INFO - Host running.
2025-08-15 11:50:43,177 - root - INFO - Command handler: Received command: create_process for process: /home/mbustos/agv1/nodes/bin/navigator_node
2025-08-15 11:50:43,178 - root - INFO - Create Process: Created process: Navigator Node with command: /home/mbustos/agv1/nodes/bin/navigator_node auto_restart: False and realtime: False
2025-08-15 11:50:43,178 - root - INFO - Command handler: Received command: create_process for process: /home/mbustos/agv1/nodes/bin/planner_node
2025-08-15 11:50:43,178 - root - INFO - Create Process: Created process: Planner Node with command: /home/mbustos/agv1/nodes/bin/planner_node auto_restart: False and realtime: False
2025-08-15 11:50:43,178 - root - INFO - Command handler: Received command: create_process for process: /home/mbustos/agv1/nodes/bin/motion_controller_node
2025-08-15 11:50:43,179 - root - INFO - Create Process: Created process: Motion Controller Node with command: /home/mbustos/agv1/nodes/bin/motion_controller_node auto_restart: False and realtime: False
2025-08-15 11:50:43,179 - root - INFO - Command handler: Received command: create_process for process: /home/mbustos/agv1/nodes/bin/ukf_node
2025-08-15 11:50:43,179 - root - INFO - Create Process: Created process: UKF Node with command: /home/mbustos/agv1/nodes/bin/ukf_node auto_restart: False and realtime: False
2025-08-15 11:50:43,179 - root - INFO - Command handler: Received command: create_process for process: /home/mbustos/agv1/nodes/bin/obstacle_detection_node
2025-08-15 11:50:43,179 - root - INFO - Create Process: Created process: Obstacle Detection Node with command: /home/mbustos/agv1/nodes/bin/obstacle_detection_node auto_restart: False and realtime: False
2025-08-15 11:50:43,179 - root - INFO - Command handler: Received command: create_process for process: /home/mbustos/agv1/nodes/bin/vlp16_node
2025-08-15 11:50:43,179 - root - INFO - Create Process: Created process: VLP 16 Node with command: /home/mbustos/agv1/nodes/bin/vlp16_node auto_restart: False and realtime: False
2025-08-15 11:50:43,180 - root - INFO - Command handler: Received command: create_process for process: /home/mbustos/agv1/nodes/bin/gx5_ahrs_node
2025-08-15 11:50:43,180 - root - INFO - Create Process: Created process: Ahrs Node with command: /home/mbustos/agv1/nodes/bin/gx5_ahrs_node auto_restart: False and realtime: False
2025-08-15 11:50:43,180 - root - INFO - Command handler: Received command: create_process for process: /home/mbustos/agv1/nodes/bin/simulator_node
2025-08-15 11:50:43,180 - root - INFO - Create Process: Created process: Simulator Node with command: /home/mbustos/agv1/nodes/bin/simulator_node auto_restart: False and realtime: False
2025-08-15 11:50:52,747 - root - INFO - Command handler: Received command: start_process for process: 
2025-08-15 11:50:52,747 - root - INFO - Start Process: Starting process: Obstacle Detection Node with command: /home/mbustos/agv1/nodes/bin/obstacle_detection_node
2025-08-15 11:50:52,751 - root - INFO - Start Process: Started process: Obstacle Detection Node with PID 88794
2025-08-15 11:50:54,705 - root - INFO - Command handler: Received command: start_process for process: 
2025-08-15 11:50:54,706 - root - INFO - Start Process: Starting process: UKF Node with command: /home/mbustos/agv1/nodes/bin/ukf_node
2025-08-15 11:50:54,708 - root - INFO - Start Process: Started process: UKF Node with PID 88821
2025-08-15 11:50:57,538 - root - INFO - Command handler: Received command: start_process for process: 
2025-08-15 11:50:57,538 - root - INFO - Start Process: Starting process: Motion Controller Node with command: /home/mbustos/agv1/nodes/bin/motion_controller_node
2025-08-15 11:50:57,541 - root - INFO - Start Process: Started process: Motion Controller Node with PID 88834
2025-08-15 11:50:59,534 - root - INFO - Command handler: Received command: start_process for process: 
2025-08-15 11:50:59,535 - root - INFO - Start Process: Starting process: Navigator Node with command: /home/mbustos/agv1/nodes/bin/navigator_node
2025-08-15 11:50:59,537 - root - INFO - Start Process: Started process: Navigator Node with PID 88856
2025-08-15 11:51:01,426 - root - INFO - Command handler: Received command: start_process for process: 
2025-08-15 11:51:01,427 - root - INFO - Start Process: Starting process: Planner Node with command: /home/mbustos/agv1/nodes/bin/planner_node
2025-08-15 11:51:01,429 - root - INFO - Start Process: Started process: Planner Node with PID 88888
2025-08-15 11:51:04,083 - root - INFO - Command handler: Received command: start_process for process: 
2025-08-15 11:51:04,083 - root - INFO - Start Process: Starting process: Ahrs Node with command: /home/mbustos/agv1/nodes/bin/gx5_ahrs_node
2025-08-15 11:51:04,087 - root - INFO - Start Process: Started process: Ahrs Node with PID 88923
2025-08-15 11:51:04,889 - root - WARNING - Monitor Process: Process Ahrs Node found stopped.
2025-08-15 11:51:06,001 - root - INFO - Command handler: Received command: start_process for process: 
2025-08-15 11:51:06,001 - root - INFO - Start Process: Starting process: VLP 16 Node with command: /home/mbustos/agv1/nodes/bin/vlp16_node
2025-08-15 11:51:06,004 - root - INFO - Start Process: Started process: VLP 16 Node with PID 88963
2025-08-15 11:51:08,498 - root - INFO - Command handler: Received command: start_process for process: 
2025-08-15 11:51:08,499 - root - INFO - Start Process: Starting process: Simulator Node with command: /home/mbustos/agv1/nodes/bin/simulator_node
2025-08-15 11:51:08,503 - root - INFO - Start Process: Started process: Simulator Node with PID 89019
